<?xml version="1.0" encoding="UTF-8"?>
<!-- Generated by org.testng.reporters.JUnitXMLReporter -->
<testsuite hostname="LAPTOP-HIBR2512" ignored="0" name="Test" tests="3" failures="0" timestamp="01 Aug 2021 04:33:48 GMT" time="0.048" errors="0">
  <testcase name="test1" time="0.008" classname="Jenkins1Grp.Jenkins1.Program1"/>
  <testcase name="test2" time="0.0" classname="Jenkins1Grp.Jenkins1.Program1"/>
  <testcase name="test3" time="0.0" classname="Jenkins1Grp.Jenkins1.Program1"/>
</testsuite> <!-- Test -->
