<?xml version="1.0" encoding="UTF-8"?>
<testng-results skipped="0" failed="0" ignored="0" total="3" passed="3">
  <reporter-output>
  </reporter-output>
  <suite name="Suite" duration-ms="48" started-at="2021-08-01T04:33:48Z" finished-at="2021-08-01T04:33:48Z">
    <groups>
    </groups>
    <test name="Test" duration-ms="48" started-at="2021-08-01T04:33:48Z" finished-at="2021-08-01T04:33:48Z">
      <class name="Jenkins1Grp.Jenkins1.Program1">
        <test-method status="PASS" signature="test1()[pri:0, instance:Jenkins1Grp.Jenkins1.Program1@13fee20c]" name="test1" duration-ms="8" started-at="2021-08-01T04:33:48Z" finished-at="2021-08-01T04:33:48Z">
          <reporter-output>
          </reporter-output>
        </test-method> <!-- test1 -->
        <test-method status="PASS" signature="test2()[pri:0, instance:Jenkins1Grp.Jenkins1.Program1@13fee20c]" name="test2" duration-ms="0" started-at="2021-08-01T04:33:48Z" finished-at="2021-08-01T04:33:48Z">
          <reporter-output>
          </reporter-output>
        </test-method> <!-- test2 -->
        <test-method status="PASS" signature="test3()[pri:0, instance:Jenkins1Grp.Jenkins1.Program1@13fee20c]" name="test3" duration-ms="0" started-at="2021-08-01T04:33:48Z" finished-at="2021-08-01T04:33:48Z">
          <reporter-output>
          </reporter-output>
        </test-method> <!-- test3 -->
      </class> <!-- Jenkins1Grp.Jenkins1.Program1 -->
    </test> <!-- Test -->
  </suite> <!-- Suite -->
</testng-results>
