<?xml version="1.0" encoding="UTF-8"?>
<testng-results skipped="0" failed="0" total="1" passed="1">
  <reporter-output>
  </reporter-output>
  <suite name="Testing Google Apps" duration-ms="41" started-at="2021-07-31T08:33:45Z" finished-at="2021-07-31T08:33:45Z">
    <groups>
    </groups>
    <test name="Regression" duration-ms="41" started-at="2021-07-31T08:33:45Z" finished-at="2021-07-31T08:33:45Z">
      <class name="Jenkins1Grp.Jenkins1.Program1">
        <test-method status="PASS" signature="test1()[pri:0, instance:Jenkins1Grp.Jenkins1.Program1@387c703b]" name="test1" duration-ms="14" started-at="2021-07-31T14:03:45Z" finished-at="2021-07-31T14:03:45Z">
          <reporter-output>
          </reporter-output>
        </test-method> <!-- test1 -->
      </class> <!-- Jenkins1Grp.Jenkins1.Program1 -->
    </test> <!-- Regression -->
  </suite> <!-- Testing Google Apps -->
</testng-results>
